2021-06-21 18:32:12,876 [INFO] Activator:170 - 


2021-06-21 18:32:12,877 [INFO] Activator:171 - !SESSION log4j initialized
2021-06-21 18:32:48,489 [INFO] McuFinderGlobals:39 - Set McuFinder mode to 2 (CubeIDE integrated)
2021-06-21 18:32:48,708 [INFO] ApplicationProperties:181 - Using Application install path: B:\ST\STM32CubeIDE_1.6.1\STM32CubeIDE\plugins\com.st.stm32cube.common.mx_6.2.1.202103241236
2021-06-21 18:32:48,717 [INFO] DbMcusXml:74 - Set database path to: B:\ST\STM32CubeIDE_1.6.1\STM32CubeIDE\plugins\com.st.stm32cube.common.mx_6.2.1.202103241236\\db\/mcu/
2021-06-21 18:32:48,721 [INFO] DbBoardsPdsc:56 - Set plugin database path to: B:\ST\STM32CubeIDE_1.6.1\STM32CubeIDE\plugins\com.st.stm32cube.common.mx_6.2.1.202103241236\\db\/plugins/boardmanager/
2021-06-21 18:32:48,721 [INFO] DbMcus:258 - Set plugin images path to: B:\ST\STM32CubeIDE_1.6.1\STM32CubeIDE\plugins\com.st.stm32cube.common.mx_6.2.1.202103241236\\db\/plugins/mcufinder/images/
2021-06-21 18:32:48,721 [INFO] DbBoards:264 - Set plugin images path to: B:\ST\STM32CubeIDE_1.6.1\STM32CubeIDE\plugins\com.st.stm32cube.common.mx_6.2.1.202103241236\\db\/plugins/mcufinder/images/
2021-06-21 18:32:48,724 [INFO] DbExamples:333 - Set plugin images path to: B:\ST\STM32CubeIDE_1.6.1\STM32CubeIDE\plugins\com.st.stm32cube.common.mx_6.2.1.202103241236\\db\/plugins/mcufinder/images/
2021-06-21 18:32:48,728 [INFO] DbMcusAds:85 - Set database path to: C:\Users\erikb\.stmcufinder\plugins\mcufinder//mcu/
2021-06-21 18:32:48,729 [INFO] DbMcusDocs:110 - Set database path to: C:\Users\erikb\.stmcufinder\plugins\mcufinder//mcu/
2021-06-21 18:32:48,731 [INFO] DbMcusJson:65 - Set database path to: C:\Users\erikb\.stmcufinder\plugins\mcufinder//mcu/
2021-06-21 18:32:48,732 [INFO] DbBoardsDocs:110 - Set database path to: C:\Users\erikb\.stmcufinder\plugins\mcufinder//mcu/
2021-06-21 18:32:48,733 [INFO] DbBoardsJson:58 - Set database path to: C:\Users\erikb\.stmcufinder\plugins\mcufinder//mcu/
2021-06-21 18:32:48,745 [INFO] CrossReferenceDbSqlite:196 - Set database path to: C:\Users\erikb\.stmcufinder\plugins\mcufinder//mcu/cs/
2021-06-21 18:32:48,747 [INFO] DbExamplesSqlite:690 - Set database path to: C:\Users\erikb\.stmcufinder\plugins\mcufinder//mcu/
2021-06-21 18:32:48,829 [INFO] RulesReader:52 - Compatibility file has been processed (237 Rules)
2021-06-21 18:32:48,898 [INFO] MicroXplorer:622 - Detected Java Version = 11.0.9.1
2021-06-21 18:32:48,899 [INFO] DbMcusXml:74 - Set database path to: B:\ST\STM32CubeIDE_1.6.1\STM32CubeIDE\plugins\com.st.stm32cube.common.mx_6.2.1.202103241236\\db\/mcu/
2021-06-21 18:32:48,900 [INFO] DbBoardsPdsc:56 - Set plugin database path to: B:\ST\STM32CubeIDE_1.6.1\STM32CubeIDE\plugins\com.st.stm32cube.common.mx_6.2.1.202103241236\\db\/plugins/boardmanager/
2021-06-21 18:32:48,900 [INFO] DbMcus:258 - Set plugin images path to: B:\ST\STM32CubeIDE_1.6.1\STM32CubeIDE\plugins\com.st.stm32cube.common.mx_6.2.1.202103241236\\db\/plugins/mcufinder/images/
2021-06-21 18:32:48,900 [INFO] DbBoards:264 - Set plugin images path to: B:\ST\STM32CubeIDE_1.6.1\STM32CubeIDE\plugins\com.st.stm32cube.common.mx_6.2.1.202103241236\\db\/plugins/mcufinder/images/
2021-06-21 18:32:48,900 [INFO] DbExamples:333 - Set plugin images path to: B:\ST\STM32CubeIDE_1.6.1\STM32CubeIDE\plugins\com.st.stm32cube.common.mx_6.2.1.202103241236\\db\/plugins/mcufinder/images/
2021-06-21 18:32:48,900 [WARN] DbFile:35 - Overriding database path with different value: C:\Users\erikb\.stmcufinder\plugins\mcufinder/ => C:\Users\erikb\.stmcufinder\plugins\mcufinder
2021-06-21 18:32:48,901 [INFO] DbMcusAds:85 - Set database path to: C:\Users\erikb\.stmcufinder\plugins\mcufinder//mcu/
2021-06-21 18:32:48,901 [WARN] DbFile:35 - Overriding database path with different value: C:\Users\erikb\.stmcufinder\plugins\mcufinder/ => C:\Users\erikb\.stmcufinder\plugins\mcufinder
2021-06-21 18:32:48,901 [INFO] DbMcusDocs:110 - Set database path to: C:\Users\erikb\.stmcufinder\plugins\mcufinder//mcu/
2021-06-21 18:32:48,901 [WARN] DbFile:35 - Overriding database path with different value: C:\Users\erikb\.stmcufinder\plugins\mcufinder/ => C:\Users\erikb\.stmcufinder\plugins\mcufinder
2021-06-21 18:32:48,901 [INFO] DbMcusJson:65 - Set database path to: C:\Users\erikb\.stmcufinder\plugins\mcufinder//mcu/
2021-06-21 18:32:48,901 [WARN] DbFile:35 - Overriding database path with different value: C:\Users\erikb\.stmcufinder\plugins\mcufinder/ => C:\Users\erikb\.stmcufinder\plugins\mcufinder
2021-06-21 18:32:48,901 [INFO] DbBoardsDocs:110 - Set database path to: C:\Users\erikb\.stmcufinder\plugins\mcufinder//mcu/
2021-06-21 18:32:48,901 [WARN] DbFile:35 - Overriding database path with different value: C:\Users\erikb\.stmcufinder\plugins\mcufinder/ => C:\Users\erikb\.stmcufinder\plugins\mcufinder
2021-06-21 18:32:48,901 [INFO] DbBoardsJson:58 - Set database path to: C:\Users\erikb\.stmcufinder\plugins\mcufinder//mcu/
2021-06-21 18:32:48,902 [WARN] DbFile:35 - Overriding database path with different value: C:\Users\erikb\.stmcufinder\plugins\mcufinder/ => C:\Users\erikb\.stmcufinder\plugins\mcufinder
2021-06-21 18:32:48,902 [WARN] DbFile:35 - Overriding database path with different value: C:\Users\erikb\.stmcufinder\plugins\mcufinder/ => C:\Users\erikb\.stmcufinder\plugins\mcufinder
2021-06-21 18:32:48,902 [INFO] CrossReferenceDbSqlite:196 - Set database path to: C:\Users\erikb\.stmcufinder\plugins\mcufinder//mcu/cs/
2021-06-21 18:32:48,902 [WARN] DbFile:35 - Overriding database path with different value: C:\Users\erikb\.stmcufinder\plugins\mcufinder/ => C:\Users\erikb\.stmcufinder\plugins\mcufinder
2021-06-21 18:32:48,902 [INFO] DbExamplesSqlite:690 - Set database path to: C:\Users\erikb\.stmcufinder\plugins\mcufinder//mcu/
2021-06-21 18:32:48,951 [INFO] MainPanel:204 - HeapMemory: 378535936
2021-06-21 18:32:49,034 [INFO] DbMcusXml:74 - Set database path to: B:\ST\STM32CubeIDE_1.6.1\STM32CubeIDE\plugins\com.st.stm32cube.common.mx_6.2.1.202103241236\\db\/mcu/
2021-06-21 18:32:49,034 [INFO] DbBoardsPdsc:56 - Set plugin database path to: B:\ST\STM32CubeIDE_1.6.1\STM32CubeIDE\plugins\com.st.stm32cube.common.mx_6.2.1.202103241236\\db\/plugins/boardmanager/
2021-06-21 18:32:49,034 [INFO] DbMcus:258 - Set plugin images path to: B:\ST\STM32CubeIDE_1.6.1\STM32CubeIDE\plugins\com.st.stm32cube.common.mx_6.2.1.202103241236\\db\/plugins/mcufinder/images/
2021-06-21 18:32:49,034 [INFO] DbBoards:264 - Set plugin images path to: B:\ST\STM32CubeIDE_1.6.1\STM32CubeIDE\plugins\com.st.stm32cube.common.mx_6.2.1.202103241236\\db\/plugins/mcufinder/images/
2021-06-21 18:32:49,034 [INFO] DbExamples:333 - Set plugin images path to: B:\ST\STM32CubeIDE_1.6.1\STM32CubeIDE\plugins\com.st.stm32cube.common.mx_6.2.1.202103241236\\db\/plugins/mcufinder/images/
2021-06-21 18:32:49,035 [WARN] DbFile:35 - Overriding database path with different value: C:\Users\erikb\.stmcufinder\plugins\mcufinder/ => C:\Users\erikb\.stmcufinder\plugins\mcufinder
2021-06-21 18:32:49,035 [INFO] DbMcusAds:85 - Set database path to: C:\Users\erikb\.stmcufinder\plugins\mcufinder//mcu/
2021-06-21 18:32:49,035 [WARN] DbFile:35 - Overriding database path with different value: C:\Users\erikb\.stmcufinder\plugins\mcufinder/ => C:\Users\erikb\.stmcufinder\plugins\mcufinder
2021-06-21 18:32:49,035 [INFO] DbMcusDocs:110 - Set database path to: C:\Users\erikb\.stmcufinder\plugins\mcufinder//mcu/
2021-06-21 18:32:49,035 [WARN] DbFile:35 - Overriding database path with different value: C:\Users\erikb\.stmcufinder\plugins\mcufinder/ => C:\Users\erikb\.stmcufinder\plugins\mcufinder
2021-06-21 18:32:49,035 [INFO] DbMcusJson:65 - Set database path to: C:\Users\erikb\.stmcufinder\plugins\mcufinder//mcu/
2021-06-21 18:32:49,035 [WARN] DbFile:35 - Overriding database path with different value: C:\Users\erikb\.stmcufinder\plugins\mcufinder/ => C:\Users\erikb\.stmcufinder\plugins\mcufinder
2021-06-21 18:32:49,035 [INFO] DbBoardsDocs:110 - Set database path to: C:\Users\erikb\.stmcufinder\plugins\mcufinder//mcu/
2021-06-21 18:32:49,035 [WARN] DbFile:35 - Overriding database path with different value: C:\Users\erikb\.stmcufinder\plugins\mcufinder/ => C:\Users\erikb\.stmcufinder\plugins\mcufinder
2021-06-21 18:32:49,036 [INFO] DbBoardsJson:58 - Set database path to: C:\Users\erikb\.stmcufinder\plugins\mcufinder//mcu/
2021-06-21 18:32:49,036 [WARN] DbFile:35 - Overriding database path with different value: C:\Users\erikb\.stmcufinder\plugins\mcufinder/ => C:\Users\erikb\.stmcufinder\plugins\mcufinder
2021-06-21 18:32:49,036 [WARN] DbFile:35 - Overriding database path with different value: C:\Users\erikb\.stmcufinder\plugins\mcufinder/ => C:\Users\erikb\.stmcufinder\plugins\mcufinder
2021-06-21 18:32:49,036 [INFO] CrossReferenceDbSqlite:196 - Set database path to: C:\Users\erikb\.stmcufinder\plugins\mcufinder//mcu/cs/
2021-06-21 18:32:49,036 [WARN] DbFile:35 - Overriding database path with different value: C:\Users\erikb\.stmcufinder\plugins\mcufinder/ => C:\Users\erikb\.stmcufinder\plugins\mcufinder
2021-06-21 18:32:49,036 [INFO] DbExamplesSqlite:690 - Set database path to: C:\Users\erikb\.stmcufinder\plugins\mcufinder//mcu/
2021-06-21 18:32:49,050 [INFO] ApplicationProperties:181 - Using Application install path: B:\ST\STM32CubeIDE_1.6.1\STM32CubeIDE\plugins\com.st.stm32cube.common.mx_6.2.1.202103241236
2021-06-21 18:32:49,051 [INFO] PluginManage:178 - Search for loadable plugins [exclusion list=, ]
2021-06-21 18:32:49,052 [INFO] PluginManage:292 - Check plugin analytics
2021-06-21 18:32:49,187 [INFO] AnalyticsPlugin:233 - Accepted Software Licenses: STM32CubeMX.6.2.0
2021-06-21 18:32:49,187 [INFO] AnalyticsPlugin:235 - Accepted CMSIS Pack Licenses: 
2021-06-21 18:32:49,188 [INFO] AnalyticsPlugin:237 - Accepted Firmware Licenses: 
2021-06-21 18:32:49,188 [INFO] PluginManage:342 - Loaded plugin analytics (category:tool,tabindex:-1)
2021-06-21 18:32:49,188 [INFO] PluginManage:292 - Check plugin clock
2021-06-21 18:32:49,197 [INFO] PluginManage:342 - Loaded plugin clock (category:base,tabindex:2)
2021-06-21 18:32:49,197 [INFO] PluginManage:292 - Check plugin ddr
2021-06-21 18:32:49,200 [INFO] PluginManage:342 - Loaded plugin ddr (category:tool,tabindex:6)
2021-06-21 18:32:49,200 [INFO] PluginManage:292 - Check plugin filemanager
2021-06-21 18:32:49,294 [INFO] PluginManage:342 - Loaded plugin filemanager (category:base,tabindex:10)
2021-06-21 18:32:49,294 [INFO] PluginManage:292 - Check plugin ipmanager
2021-06-21 18:32:49,301 [INFO] PluginManage:342 - Loaded plugin ipmanager (category:base,tabindex:5)
2021-06-21 18:32:49,301 [INFO] PluginManage:292 - Check plugin pinoutandconfiguration
2021-06-21 18:32:49,308 [INFO] PluginManage:342 - Loaded plugin pinoutandconfiguration (category:base,tabindex:1)
2021-06-21 18:32:49,308 [INFO] PluginManage:292 - Check plugin pinoutconfig
2021-06-21 18:32:49,331 [INFO] PluginManage:342 - Loaded plugin pinoutconfig (category:base,tabindex:0)
2021-06-21 18:32:49,331 [INFO] PluginManage:292 - Check plugin power
2021-06-21 18:32:49,338 [INFO] PluginManage:342 - Loaded plugin power (category:power,tabindex:4)
2021-06-21 18:32:49,338 [INFO] PluginManage:292 - Check plugin projectmanager
2021-06-21 18:32:49,355 [INFO] PluginManage:342 - Loaded plugin projectmanager (category:projectmanager,tabindex:3)
2021-06-21 18:32:49,355 [INFO] PluginManage:292 - Check plugin thirdparty
2021-06-21 18:32:49,470 [INFO] PluginManage:342 - Loaded plugin thirdparty (category:base,tabindex:-1)
2021-06-21 18:32:49,470 [INFO] PluginManage:292 - Check plugin tools
2021-06-21 18:32:49,470 [WARN] IntegrityCheckThread:59 - waiting for thirdparty lock release [integrity check]
2021-06-21 18:32:49,471 [INFO] IntegrityCheckThread:61 - entering critical section [integrity check]
2021-06-21 18:32:49,471 [INFO] ThirdPartyUpdaterWithRetryManager:56 - Updater plugin not ready yet. [1/15]
2021-06-21 18:32:49,472 [INFO] PluginManage:342 - Loaded plugin tools (category:base,tabindex:7)
2021-06-21 18:32:49,472 [INFO] PluginManage:292 - Check plugin tutovideos
2021-06-21 18:32:49,663 [INFO] PluginManage:342 - Loaded plugin tutovideos (category:base,tabindex:-1)
2021-06-21 18:32:49,663 [INFO] PluginManage:292 - Check plugin updater
2021-06-21 18:32:49,674 [INFO] PluginManage:342 - Loaded plugin updater (category:base,tabindex:12)
2021-06-21 18:32:49,674 [INFO] PluginManage:265 - PluginManage : Loaded plugins [13]
2021-06-21 18:32:49,808 [INFO] PinOutPanel:1435 - setPackage(No Configuration,No Configuration)
2021-06-21 18:32:49,877 [INFO] IPUIPlugin:64 - create IPUIPlugin
2021-06-21 18:32:49,877 [INFO] PluginManager:203 - loadIPPluginJar : add adc
2021-06-21 18:32:49,880 [INFO] IPUIPlugin:64 - create IPUIPlugin
2021-06-21 18:32:49,880 [INFO] PluginManager:203 - loadIPPluginJar : add aes
2021-06-21 18:32:49,882 [INFO] IPUIPlugin:64 - create IPUIPlugin
2021-06-21 18:32:49,882 [INFO] PluginManager:203 - loadIPPluginJar : add can
2021-06-21 18:32:49,884 [INFO] IPUIPlugin:64 - create IPUIPlugin
2021-06-21 18:32:49,884 [INFO] PluginManager:203 - loadIPPluginJar : add comp
2021-06-21 18:32:49,886 [INFO] IPUIPlugin:64 - create IPUIPlugin
2021-06-21 18:32:49,886 [INFO] PluginManager:203 - loadIPPluginJar : add cryp
2021-06-21 18:32:49,888 [INFO] IPUIPlugin:64 - create IPUIPlugin
2021-06-21 18:32:49,888 [INFO] PluginManager:203 - loadIPPluginJar : add dfsdm
2021-06-21 18:32:49,910 [INFO] IPUIPlugin:64 - create IPUIPlugin
2021-06-21 18:32:49,911 [INFO] PluginManager:203 - loadIPPluginJar : add dma
2021-06-21 18:32:49,921 [INFO] IPUIPlugin:64 - create IPUIPlugin
2021-06-21 18:32:49,922 [INFO] PluginManager:203 - loadIPPluginJar : add fatfs
2021-06-21 18:32:49,926 [INFO] IPUIPlugin:64 - create IPUIPlugin
2021-06-21 18:32:49,926 [INFO] PluginManager:203 - loadIPPluginJar : add fmc
2021-06-21 18:32:49,931 [INFO] IPUIPlugin:64 - create IPUIPlugin
2021-06-21 18:32:49,931 [INFO] PluginManager:203 - loadIPPluginJar : add freertos
2021-06-21 18:32:49,932 [INFO] IPUIPlugin:64 - create IPUIPlugin
2021-06-21 18:32:49,933 [INFO] PluginManager:203 - loadIPPluginJar : add genericplugin
2021-06-21 18:32:49,934 [INFO] IPUIPlugin:64 - create IPUIPlugin
2021-06-21 18:32:49,934 [INFO] PluginManager:203 - loadIPPluginJar : add gfxmmu
2021-06-21 18:32:49,938 [INFO] IPUIPlugin:64 - create IPUIPlugin
2021-06-21 18:32:49,939 [INFO] PluginManager:203 - loadIPPluginJar : add gic
2021-06-21 18:32:49,941 [INFO] IPUIPlugin:64 - create IPUIPlugin
2021-06-21 18:32:49,942 [INFO] PluginManager:203 - loadIPPluginJar : add gpio
2021-06-21 18:32:49,943 [INFO] IPUIPlugin:64 - create IPUIPlugin
2021-06-21 18:32:49,944 [INFO] PluginManager:203 - loadIPPluginJar : add gtzc
2021-06-21 18:32:49,945 [INFO] IPUIPlugin:64 - create IPUIPlugin
2021-06-21 18:32:49,945 [INFO] PluginManager:203 - loadIPPluginJar : add hash
2021-06-21 18:32:49,947 [INFO] IPUIPlugin:64 - create IPUIPlugin
2021-06-21 18:32:49,947 [INFO] PluginManager:203 - loadIPPluginJar : add i2c
2021-06-21 18:32:49,950 [INFO] IPUIPlugin:64 - create IPUIPlugin
2021-06-21 18:32:49,950 [INFO] PluginManager:203 - loadIPPluginJar : add i2s
2021-06-21 18:32:49,953 [INFO] IPUIPlugin:64 - create IPUIPlugin
2021-06-21 18:32:49,953 [INFO] PluginManager:203 - loadIPPluginJar : add ipddr
2021-06-21 18:32:49,955 [INFO] IPUIPlugin:64 - create IPUIPlugin
2021-06-21 18:32:49,955 [INFO] PluginManager:203 - loadIPPluginJar : add lorawan
2021-06-21 18:32:49,956 [INFO] IPUIPlugin:64 - create IPUIPlugin
2021-06-21 18:32:49,956 [INFO] PluginManager:203 - loadIPPluginJar : add ltdc
2021-06-21 18:32:49,959 [INFO] IPUIPlugin:64 - create IPUIPlugin
2021-06-21 18:32:49,960 [INFO] PluginManager:203 - loadIPPluginJar : add mdma
2021-06-21 18:32:49,963 [INFO] IPUIPlugin:64 - create IPUIPlugin
2021-06-21 18:32:49,963 [INFO] PluginManager:203 - loadIPPluginJar : add nvic
2021-06-21 18:32:49,966 [INFO] IPUIPlugin:64 - create IPUIPlugin
2021-06-21 18:32:49,966 [INFO] PluginManager:203 - loadIPPluginJar : add opamp
2021-06-21 18:32:49,968 [INFO] IPUIPlugin:64 - create IPUIPlugin
2021-06-21 18:32:49,968 [INFO] PluginManager:203 - loadIPPluginJar : add openamp
2021-06-21 18:32:49,970 [INFO] IPUIPlugin:64 - create IPUIPlugin
2021-06-21 18:32:49,970 [INFO] PluginManager:203 - loadIPPluginJar : add pdm2pcm
2021-06-21 18:32:49,975 [INFO] IPUIPlugin:64 - create IPUIPlugin
2021-06-21 18:32:49,978 [INFO] PluginManager:203 - loadIPPluginJar : add plateformsettings
2021-06-21 18:32:49,980 [INFO] IPUIPlugin:64 - create IPUIPlugin
2021-06-21 18:32:49,980 [INFO] PluginManager:203 - loadIPPluginJar : add quadspi
2021-06-21 18:32:49,982 [INFO] IPUIPlugin:64 - create IPUIPlugin
2021-06-21 18:32:49,982 [INFO] PluginManager:203 - loadIPPluginJar : add resmgrutility
2021-06-21 18:32:49,985 [INFO] IPUIPlugin:64 - create IPUIPlugin
2021-06-21 18:32:49,985 [INFO] PluginManager:203 - loadIPPluginJar : add sai
2021-06-21 18:32:49,987 [INFO] IPUIPlugin:64 - create IPUIPlugin
2021-06-21 18:32:49,988 [INFO] PluginManager:203 - loadIPPluginJar : add spi
2021-06-21 18:32:49,991 [INFO] IPUIPlugin:64 - create IPUIPlugin
2021-06-21 18:32:49,992 [INFO] PluginManager:203 - loadIPPluginJar : add stm32_wpan
2021-06-21 18:32:49,993 [INFO] IPUIPlugin:64 - create IPUIPlugin
2021-06-21 18:32:49,993 [INFO] PluginManager:203 - loadIPPluginJar : add tim
2021-06-21 18:32:49,996 [INFO] IPUIPlugin:64 - create IPUIPlugin
2021-06-21 18:32:49,996 [INFO] PluginManager:203 - loadIPPluginJar : add touchsensing
2021-06-21 18:32:49,997 [INFO] IPUIPlugin:64 - create IPUIPlugin
2021-06-21 18:32:49,997 [INFO] PluginManager:203 - loadIPPluginJar : add tracer_emb
2021-06-21 18:32:49,999 [INFO] IPUIPlugin:64 - create IPUIPlugin
2021-06-21 18:32:49,999 [INFO] PluginManager:203 - loadIPPluginJar : add ts
2021-06-21 18:32:50,000 [INFO] IPUIPlugin:64 - create IPUIPlugin
2021-06-21 18:32:50,000 [INFO] PluginManager:203 - loadIPPluginJar : add tsc
2021-06-21 18:32:50,002 [INFO] IPUIPlugin:64 - create IPUIPlugin
2021-06-21 18:32:50,002 [INFO] PluginManager:203 - loadIPPluginJar : add ucpd
2021-06-21 18:32:50,004 [INFO] IPUIPlugin:64 - create IPUIPlugin
2021-06-21 18:32:50,004 [INFO] PluginManager:203 - loadIPPluginJar : add usart
2021-06-21 18:32:50,256 [FATAL] Updater:284 - Updater called before beeing initialized
2021-06-21 18:32:50,373 [FATAL] Updater:284 - Updater called before beeing initialized
2021-06-21 18:32:50,377 [INFO] DbMcusAds:132 - JSON generation date=Tue Apr 20 12:17:47 CEST 2021 (1618913867047)
2021-06-21 18:32:50,378 [FATAL] Updater:284 - Updater called before beeing initialized
2021-06-21 18:32:50,409 [WARN] DetailPanel:315 - Failed to get advertising image, set to default
2021-06-21 18:32:50,588 [FATAL] Updater:284 - Updater called before beeing initialized
2021-06-21 18:32:50,589 [FATAL] Updater:284 - Updater called before beeing initialized
2021-06-21 18:32:50,589 [FATAL] Updater:284 - Updater called before beeing initialized
2021-06-21 18:32:50,589 [WARN] DetailPanel:315 - Failed to get advertising image, set to default
2021-06-21 18:32:50,591 [FATAL] Updater:284 - Updater called before beeing initialized
2021-06-21 18:32:50,630 [FATAL] Updater:284 - Updater called before beeing initialized
2021-06-21 18:32:50,630 [WARN] ThirdParty:796 - waiting for thirdparty lock release [close project]
2021-06-21 18:32:52,479 [INFO] ThirdPartyUpdaterWithRetryManager:56 - Updater plugin not ready yet. [2/15]
2021-06-21 18:32:55,491 [FATAL] Updater:284 - Updater called before beeing initialized
2021-06-21 18:32:55,491 [ERROR] AbstractThirdPartyUpdaterManager:153 - class java.lang.Integer cannot be cast to class java.util.List (java.lang.Integer and java.util.List are in module java.base of loader 'bootstrap')
2021-06-21 18:32:55,491 [INFO] ThirdParty:900 - Integrity check success = false
2021-06-21 18:32:55,491 [INFO] IntegrityCheckThread:75 - exiting critical section [integrity check]
2021-06-21 18:32:55,491 [INFO] IntegrityCheckThread:78 - End integrity checks thread
2021-06-21 18:32:55,491 [INFO] ThirdParty:798 - entering critical section [close project]
2021-06-21 18:32:55,492 [INFO] ThirdParty:809 - exiting critical section [close project]
2021-06-21 18:32:55,494 [INFO] PinOutPanel:1435 - setPackage(No Configuration,No Configuration)
2021-06-21 18:32:55,494 [FATAL] Updater:284 - Updater called before beeing initialized
2021-06-21 18:32:55,499 [ERROR] Updater:1065 - MainUpdater not yet initialized. External WinMGr cannot be set.
2021-06-21 18:32:55,501 [INFO] Updater:1002 - Updater Version found : 6.2.1
2021-06-21 18:32:55,516 [INFO] ApplicationProperties:181 - Using Application install path: B:\ST\STM32CubeIDE_1.6.1\STM32CubeIDE\plugins\com.st.stm32cube.common.mx_6.2.1.202103241236
2021-06-21 18:32:55,539 [INFO] MainUpdater:479 - Copy updater definitions from MX database
2021-06-21 18:32:55,597 [INFO] MainUpdater:2661 - connection check result : 10
2021-06-21 18:32:55,597 [INFO] MainUpdater:3349 - Updater definition file requires update
2021-06-21 18:32:55,598 [INFO] MainUpdater:255 - Updater Check For Update Now.
2021-06-21 18:32:55,598 [INFO] MicroXplorer:472 - Change Database Version : DB.6.0.21
2021-06-21 18:32:55,630 [INFO] ServerAccessManage:348 - Download File updaters.zip
2021-06-21 18:32:55,694 [INFO] FileExtend:225 - Unzip File : updaters.zip
2021-06-21 18:32:55,694 [INFO] FileExtend:240 - Standard Zip Deflate
2021-06-21 18:32:56,012 [INFO] ServerAccessManage:348 - Download File PacksControlFlags.xml
2021-06-21 18:32:56,051 [INFO] ServerAccessManage:348 - Download File cubemx.pidx
2021-06-21 18:32:56,143 [INFO] LoadServerUpdatesThread:329 - End of LoadServerUpdate Thread
2021-06-21 18:32:56,185 [INFO] CheckServerUpdateThread:102 - End of CheckServer Thread
2021-06-21 18:32:56,253 [INFO] MainUpdater:2661 - connection check result : 10
2021-06-21 18:32:56,302 [INFO] ServerAccessManage:348 - Download File ad.zip
2021-06-21 18:32:56,433 [INFO] FileExtend:225 - Unzip File : ad.zip
2021-06-21 18:32:56,434 [INFO] FileExtend:240 - Standard Zip Deflate
2021-06-21 18:32:56,449 [INFO] LoadUrlFilesThread:135 - End of LoadUrlFiles Thread
2021-06-21 18:32:56,576 [INFO] ServerAccessManage:348 - Download File mcusAds.json._tmp_
2021-06-21 18:32:56,582 [INFO] LoadUrlFilesThread:135 - End of LoadUrlFiles Thread
2021-06-21 18:32:56,733 [INFO] ServerAccessManage:348 - Download File mcusDocs.json._tmp_
2021-06-21 18:32:56,835 [INFO] LoadUrlFilesThread:135 - End of LoadUrlFiles Thread
2021-06-21 18:32:56,883 [INFO] ServerAccessManage:348 - Download File mcusFeaturesAndDescription.json._tmp_
2021-06-21 18:32:57,582 [INFO] LoadUrlFilesThread:135 - End of LoadUrlFiles Thread
2021-06-21 18:32:57,619 [INFO] ServerAccessManage:348 - Download File boardsDocs.json._tmp_
2021-06-21 18:32:57,645 [INFO] LoadUrlFilesThread:135 - End of LoadUrlFiles Thread
2021-06-21 18:32:57,686 [INFO] ServerAccessManage:348 - Download File boards.json._tmp_
2021-06-21 18:32:57,719 [INFO] LoadUrlFilesThread:135 - End of LoadUrlFiles Thread
2021-06-21 18:32:57,747 [INFO] ServerAccessManage:348 - Download File cube-finder-db.zip
2021-06-21 18:32:59,357 [INFO] FileExtend:225 - Unzip File : cube-finder-db.zip
2021-06-21 18:32:59,357 [INFO] FileExtend:240 - Standard Zip Deflate
2021-06-21 18:32:59,674 [INFO] LoadUrlFilesThread:135 - End of LoadUrlFiles Thread
2021-06-21 18:32:59,983 [INFO] ServerAccessManage:348 - Download File crdb.zip
2021-06-21 18:33:00,204 [INFO] FileExtend:225 - Unzip File : crdb.zip
2021-06-21 18:33:00,204 [INFO] FileExtend:240 - Standard Zip Deflate
2021-06-21 18:33:00,232 [INFO] LoadUrlFilesThread:135 - End of LoadUrlFiles Thread
2021-06-21 18:33:00,260 [INFO] ServerAccessManage:348 - Download File tutoVideoDB.zip
2021-06-21 18:33:00,273 [INFO] FileExtend:225 - Unzip File : tutoVideoDB.zip
2021-06-21 18:33:00,274 [INFO] FileExtend:240 - Standard Zip Deflate
2021-06-21 18:33:00,285 [INFO] LoadUrlFilesThread:135 - End of LoadUrlFiles Thread
2021-06-21 18:33:00,286 [INFO] DbMcusAds:132 - JSON generation date=Tue May 11 17:32:49 CEST 2021 (1620747169502)
2021-06-21 18:33:00,301 [INFO] DbMcusDocs:143 - JSON generation date=Mon Jun 07 10:53:21 CEST 2021 (1623056001)
2021-06-21 18:33:00,301 [INFO] DbMcusXml:100 - Load MCU database from B:\ST\STM32CubeIDE_1.6.1\STM32CubeIDE\plugins\com.st.stm32cube.common.mx_6.2.1.202103241236\\db\/mcu/families.xml
2021-06-21 18:33:00,961 [INFO] DbMcusJson:94 - JSON generation date=Mon Jun 07 10:53:21 CEST 2021 (1623056001)
2021-06-21 18:33:01,573 [INFO] DbMcus:175 - Found 1906 MCUs (1866 are supported by CubeMX, 1866 are visible in CubeMX)
2021-06-21 18:33:01,574 [INFO] ApiDb:242 - User favorites file not found: C:\Users\erikb/.stm32cubeide/favorites.mcus.txt
2021-06-21 18:33:01,574 [INFO] DbMcus:187 - Set 0 / 0 favorites MCUs
2021-06-21 18:33:02,099 [INFO] DbMcusDocs:79 - Found 669 MCUs documents
2021-06-21 18:33:02,102 [INFO] ApiDb:276 - Save user favorites file C:\Users\erikb/.stm32cubeide/favorites.mcus.txt: 0 item(s)
2021-06-21 18:33:02,102 [INFO] ApiDb:280 - User favorites MCUs=[]
2021-06-21 18:33:02,102 [INFO] DbMcusXml:100 - Load MCU database from B:\ST\STM32CubeIDE_1.6.1\STM32CubeIDE\plugins\com.st.stm32cube.common.mx_6.2.1.202103241236\\db\/mcu/families.xml
2021-06-21 18:33:02,741 [INFO] DbMcusJson:94 - JSON generation date=Mon Jun 07 10:53:21 CEST 2021 (1623056001)
2021-06-21 18:33:03,259 [INFO] DbMcus:175 - Found 1906 MCUs (1866 are supported by CubeMX, 1866 are visible in CubeMX)
2021-06-21 18:33:03,260 [INFO] ApiDb:251 - Load user favorites file C:\Users\erikb/.stm32cubeide/favorites.mcus.txt: 0 item(s)
2021-06-21 18:33:03,260 [INFO] ApiDb:255 - User favorites MCUs=[]
2021-06-21 18:33:03,260 [INFO] DbMcus:187 - Set 0 / 0 favorites MCUs
2021-06-21 18:33:03,293 [INFO] DbBoardsDocs:143 - JSON generation date=Tue Jun 01 07:52:40 CEST 2021 (1622526760)
2021-06-21 18:33:03,300 [INFO] DbBoardsPdsc:90 - Found 24 items
2021-06-21 18:33:03,302 [INFO] DbBoardsPdsc:90 - Found 9 items
2021-06-21 18:33:03,306 [INFO] DbBoardsPdsc:90 - Found 33 items
2021-06-21 18:33:03,307 [INFO] DbBoardsPdsc:90 - Found 1 items
2021-06-21 18:33:03,314 [INFO] DbBoardsPdsc:90 - Found 46 items
2021-06-21 18:33:03,321 [INFO] DbBoardsPdsc:90 - Found 41 items
2021-06-21 18:33:03,322 [INFO] DbBoardsPdsc:90 - Found 2 items
2021-06-21 18:33:03,323 [INFO] DbBoardsPdsc:90 - Found 5 items
2021-06-21 18:33:03,326 [WARN] DbBoardsPdsc:254 - Board NUCLEO-WB15CC: unknown feature type=, name=, username=Three user LEDs, n=1
2021-06-21 18:33:03,326 [WARN] DbBoardsPdsc:254 - Board NUCLEO-WB15CC: unknown feature type=, name=, username=One reset and three user push-buttons, n=1
2021-06-21 18:33:03,326 [WARN] DbBoardsPdsc:254 - Board NUCLEO-WB15CC: unknown feature type=, name=, username=Arduino Uno V3 expansion connector, n=1
2021-06-21 18:33:03,326 [WARN] DbBoardsPdsc:254 - Board NUCLEO-WB15CC: unknown feature type=, name=, username=ST morpho extension pin headers for full access to all STM32WB I/Os, n=1
2021-06-21 18:33:03,326 [WARN] DbBoardsPdsc:254 - Board NUCLEO-WB15CC: unknown feature type=, name=, username=Integrated PCB antenna and SMA connector footprint, n=1
2021-06-21 18:33:03,326 [WARN] DbBoardsPdsc:254 - Board NUCLEO-WB15CC: unknown feature type=, name=, username=Flexible power-supply options: ST-LINK, USB VBUS, or external sources, n=1
2021-06-21 18:33:03,326 [WARN] DbBoardsPdsc:254 - Board NUCLEO-WB15CC: unknown feature type=, name=, username=On-board footprint to mount a CR2032 battery socket, n=1
2021-06-21 18:33:03,326 [WARN] DbBoardsPdsc:254 - Board NUCLEO-WB15CC: unknown feature type=, name=, username=On-board ST-LINK/V2-1 debugger/programmer with USB re-enumeration capability: mass storage, Virtual COM port, and debug port, n=1
2021-06-21 18:33:03,326 [WARN] DbBoardsPdsc:254 - Board NUCLEO-WB15CC: unknown feature type=, name=, username=Comprehensive free software libraries and examples available with the STM32CubeWB MCU Package, n=1
2021-06-21 18:33:03,326 [WARN] DbBoardsPdsc:254 - Board NUCLEO-WB15CC: unknown feature type=, name=, username=Support of a wide choice of Integrated Development Environments (IDEs) including IAR Embedded Workbench, MDK-ARM, STM32CubeIDE, and Mbed Studio, n=1
2021-06-21 18:33:03,328 [WARN] DbBoardsPdsc:254 - Board STM32H7B3I-DK: unknown feature type=Audio, name=, username=Audio stereo codec with Headphone Amp (CS42L51-CNZ), n=1
2021-06-21 18:33:03,328 [WARN] DbBoardsPdsc:254 - Board STM32H735G-DK: unknown feature type=Audio, name=, username=Audio stereo codec with Headphone Amp (WM8994ECS/R), n=1
2021-06-21 18:33:03,328 [WARN] DbBoardsPdsc:254 - Board STM32WB5MM-DK: unknown feature type=, name=, username=Time-of-Flight and gesture-detection sensor, n=1
2021-06-21 18:33:03,328 [WARN] DbBoardsPdsc:254 - Board STM32WB5MM-DK: unknown feature type=, name=, username=3 push-buttons (2 users and 1 reset) and 1 touch key button, n=1
2021-06-21 18:33:03,328 [WARN] DbBoardsPdsc:254 - Board STM32WB5MM-DK: unknown feature type=, name=, username=Flexible power-supply options: ST-LINK/V2-1 USB connector, 5 V delivered by ARDUINO速 or external connector, USB charger, or USB power, n=1
2021-06-21 18:33:03,328 [WARN] DbBoardsPdsc:254 - Board STM32WB5MM-DK: unknown feature type=, name=, username=On-board ST-LINK/V2-1 debugger/programmer with USB re-enumeration capability: Virtual COM port and debug port, n=1
2021-06-21 18:33:03,329 [WARN] DbBoardsPdsc:254 - Board STM32WB5MM-DK: unknown feature type=, name=, username=Comprehensive free software libraries and examples available with the STM32CubeWB MCU Package, n=1
2021-06-21 18:33:03,329 [WARN] DbBoardsPdsc:254 - Board STM32WB5MM-DK: unknown feature type=, name=, username=Support of a wide choice of Integrated Development Environments (IDEs) including IAR Embedded Workbench速, MDK-ARM, and STM32CubeIDE, n=1
2021-06-21 18:33:03,330 [WARN] DbBoardsPdsc:254 - Board STM32H7B3I-EVAL: unknown feature type=Audio, name=, username=Multi-Channel Audio Codec (CS42L51-CNZ), n=1
2021-06-21 18:33:03,331 [WARN] DbBoardsPdsc:254 - Board STM32H7B3I-EVAL: unknown feature type=Meter, name=, username=Power-metering and Temperature-monitoring with sigma-delta modulators, n=1
2021-06-21 18:33:03,331 [WARN] DbBoardsPdsc:254 - Board STM32H7B3I-EVAL: unknown feature type=Motor, name=, username=Motor Control, n=1
2021-06-21 18:33:03,345 [INFO] DbBoardsJson:87 - JSON generation date=Tue Jun 01 07:52:40 CEST 2021 (1622526760)
2021-06-21 18:33:03,355 [INFO] DbBoards:117 - Found 161 boards (158 are supported by CubeMX)
2021-06-21 18:33:03,366 [INFO] DbBoardsDocs:143 - JSON generation date=Tue Jun 01 07:52:40 CEST 2021 (1622526760)
2021-06-21 18:33:03,388 [INFO] DbBoardsDocs:79 - Found 193 boards documents
2021-06-21 18:33:03,392 [WARN] DbBoards:127 - board B-L462E-CELL1 has no document id list !
2021-06-21 18:33:03,392 [WARN] DbBoards:127 - board B-L475E-IOT01A2 has no document id list !
2021-06-21 18:33:03,393 [WARN] DbBoards:127 - board NUCLEO-G0B1RE has no document id list !
2021-06-21 18:33:03,393 [WARN] DbBoards:127 - board NUCLEO-H743ZI has no document id list !
2021-06-21 18:33:03,394 [WARN] DbBoards:127 - board NUCLEO-L4A6ZG has no document id list !
2021-06-21 18:33:03,394 [WARN] DbBoards:127 - board NUCLEO-WB15CC has no document id list !
2021-06-21 18:33:03,394 [WARN] DbBoards:127 - board NUCLEO-WB55RG has no document id list !
2021-06-21 18:33:03,394 [WARN] DbBoards:127 - board NUCLEO-WL55JC2 has no document id list !
2021-06-21 18:33:03,394 [WARN] DbBoards:127 - board P-NUCLEO-WB55-Nucleo has no document id list !
2021-06-21 18:33:03,394 [WARN] DbBoards:127 - board P-NUCLEO-WB55-USBDongle has no document id list !
2021-06-21 18:33:03,394 [WARN] DbBoards:127 - board STEVAL-BFA001V1B has no document id list !
2021-06-21 18:33:03,394 [WARN] DbBoards:127 - board STEVAL-BFA001V2B has no document id list !
2021-06-21 18:33:03,394 [WARN] DbBoards:127 - board STEVAL-IDP005V1 has no document id list !
2021-06-21 18:33:03,394 [WARN] DbBoards:127 - board STEVAL-IDP005V2 has no document id list !
2021-06-21 18:33:03,394 [WARN] DbBoards:127 - board STEVAL-MKSBOX1V1 has no document id list !
2021-06-21 18:33:03,395 [WARN] DbBoards:127 - board STEVAL-STWINKT1 has no document id list !
2021-06-21 18:33:03,395 [WARN] DbBoards:127 - board STEVAL-STWINKT1B has no document id list !
2021-06-21 18:33:03,395 [WARN] DbBoards:127 - board STM32F401C-DISCO has no document id list !
2021-06-21 18:33:03,395 [WARN] DbBoards:127 - board STM32F769I-DISC1 has no document id list !
2021-06-21 18:33:03,396 [WARN] DbBoards:127 - board STM32G0C1E-EV has no document id list !
2021-06-21 18:33:03,396 [WARN] DbBoards:127 - board STM32G474E-EVAL1 has no document id list !
2021-06-21 18:33:03,397 [WARN] DbBoards:127 - board STM32H743I-EVAL2 has no document id list !
2021-06-21 18:33:03,397 [WARN] DbBoards:127 - board STM32H747I-DISC1 has no document id list !
2021-06-21 18:33:03,397 [WARN] DbBoards:127 - board STM32H753I-EVAL2 has no document id list !
2021-06-21 18:33:03,398 [WARN] DbBoards:127 - board STM32L-DISCOVERY has no document id list !
2021-06-21 18:33:03,398 [WARN] DbBoards:127 - board STM32MP157A-DK1 has no document id list !
2021-06-21 18:33:03,398 [WARN] DbBoards:127 - board STM32MP157F-DK2 has no document id list !
2021-06-21 18:33:03,398 [WARN] DbBoards:127 - board STM32MP157F-EV1 has no document id list !
2021-06-21 18:33:03,398 [WARN] DbBoards:127 - board STM32WB5MM-DK has no document id list !
2021-06-21 18:33:04,755 [INFO] ApiDb:242 - User favorites file not found: C:\Users\erikb/.stm32cubeide/favorites.boards.txt
2021-06-21 18:33:04,755 [INFO] DbBoards:206 - Set 0 / 0 favorites Boards
2021-06-21 18:33:04,771 [INFO] DbBoardsDocs:79 - Found 386 boards documents
2021-06-21 18:33:04,772 [INFO] ApiDb:276 - Save user favorites file C:\Users\erikb/.stm32cubeide/favorites.boards.txt: 0 item(s)
2021-06-21 18:33:04,772 [INFO] ApiDb:280 - User favorites Boards=[]
2021-06-21 18:33:04,776 [INFO] DbBoardsPdsc:90 - Found 24 items
2021-06-21 18:33:04,777 [INFO] DbBoardsPdsc:90 - Found 9 items
2021-06-21 18:33:04,780 [INFO] DbBoardsPdsc:90 - Found 33 items
2021-06-21 18:33:04,781 [INFO] DbBoardsPdsc:90 - Found 1 items
2021-06-21 18:33:04,786 [INFO] DbBoardsPdsc:90 - Found 46 items
2021-06-21 18:33:04,792 [INFO] DbBoardsPdsc:90 - Found 41 items
2021-06-21 18:33:04,793 [INFO] DbBoardsPdsc:90 - Found 2 items
2021-06-21 18:33:04,794 [INFO] DbBoardsPdsc:90 - Found 5 items
2021-06-21 18:33:04,795 [WARN] DbBoardsPdsc:254 - Board NUCLEO-WB15CC: unknown feature type=, name=, username=Three user LEDs, n=1
2021-06-21 18:33:04,795 [WARN] DbBoardsPdsc:254 - Board NUCLEO-WB15CC: unknown feature type=, name=, username=One reset and three user push-buttons, n=1
2021-06-21 18:33:04,795 [WARN] DbBoardsPdsc:254 - Board NUCLEO-WB15CC: unknown feature type=, name=, username=Arduino Uno V3 expansion connector, n=1
2021-06-21 18:33:04,795 [WARN] DbBoardsPdsc:254 - Board NUCLEO-WB15CC: unknown feature type=, name=, username=ST morpho extension pin headers for full access to all STM32WB I/Os, n=1
2021-06-21 18:33:04,795 [WARN] DbBoardsPdsc:254 - Board NUCLEO-WB15CC: unknown feature type=, name=, username=Integrated PCB antenna and SMA connector footprint, n=1
2021-06-21 18:33:04,795 [WARN] DbBoardsPdsc:254 - Board NUCLEO-WB15CC: unknown feature type=, name=, username=Flexible power-supply options: ST-LINK, USB VBUS, or external sources, n=1
2021-06-21 18:33:04,795 [WARN] DbBoardsPdsc:254 - Board NUCLEO-WB15CC: unknown feature type=, name=, username=On-board footprint to mount a CR2032 battery socket, n=1
2021-06-21 18:33:04,795 [WARN] DbBoardsPdsc:254 - Board NUCLEO-WB15CC: unknown feature type=, name=, username=On-board ST-LINK/V2-1 debugger/programmer with USB re-enumeration capability: mass storage, Virtual COM port, and debug port, n=1
2021-06-21 18:33:04,795 [WARN] DbBoardsPdsc:254 - Board NUCLEO-WB15CC: unknown feature type=, name=, username=Comprehensive free software libraries and examples available with the STM32CubeWB MCU Package, n=1
2021-06-21 18:33:04,795 [WARN] DbBoardsPdsc:254 - Board NUCLEO-WB15CC: unknown feature type=, name=, username=Support of a wide choice of Integrated Development Environments (IDEs) including IAR Embedded Workbench, MDK-ARM, STM32CubeIDE, and Mbed Studio, n=1
2021-06-21 18:33:04,806 [WARN] DbBoardsPdsc:254 - Board STM32H7B3I-DK: unknown feature type=Audio, name=, username=Audio stereo codec with Headphone Amp (CS42L51-CNZ), n=1
2021-06-21 18:33:04,806 [WARN] DbBoardsPdsc:254 - Board STM32H735G-DK: unknown feature type=Audio, name=, username=Audio stereo codec with Headphone Amp (WM8994ECS/R), n=1
2021-06-21 18:33:04,806 [WARN] DbBoardsPdsc:254 - Board STM32WB5MM-DK: unknown feature type=, name=, username=Time-of-Flight and gesture-detection sensor, n=1
2021-06-21 18:33:04,806 [WARN] DbBoardsPdsc:254 - Board STM32WB5MM-DK: unknown feature type=, name=, username=3 push-buttons (2 users and 1 reset) and 1 touch key button, n=1
2021-06-21 18:33:04,807 [WARN] DbBoardsPdsc:254 - Board STM32WB5MM-DK: unknown feature type=, name=, username=Flexible power-supply options: ST-LINK/V2-1 USB connector, 5 V delivered by ARDUINO速 or external connector, USB charger, or USB power, n=1
2021-06-21 18:33:04,807 [WARN] DbBoardsPdsc:254 - Board STM32WB5MM-DK: unknown feature type=, name=, username=On-board ST-LINK/V2-1 debugger/programmer with USB re-enumeration capability: Virtual COM port and debug port, n=1
2021-06-21 18:33:04,807 [WARN] DbBoardsPdsc:254 - Board STM32WB5MM-DK: unknown feature type=, name=, username=Comprehensive free software libraries and examples available with the STM32CubeWB MCU Package, n=1
2021-06-21 18:33:04,807 [WARN] DbBoardsPdsc:254 - Board STM32WB5MM-DK: unknown feature type=, name=, username=Support of a wide choice of Integrated Development Environments (IDEs) including IAR Embedded Workbench速, MDK-ARM, and STM32CubeIDE, n=1
2021-06-21 18:33:04,808 [WARN] DbBoardsPdsc:254 - Board STM32H7B3I-EVAL: unknown feature type=Audio, name=, username=Multi-Channel Audio Codec (CS42L51-CNZ), n=1
2021-06-21 18:33:04,808 [WARN] DbBoardsPdsc:254 - Board STM32H7B3I-EVAL: unknown feature type=Meter, name=, username=Power-metering and Temperature-monitoring with sigma-delta modulators, n=1
2021-06-21 18:33:04,808 [WARN] DbBoardsPdsc:254 - Board STM32H7B3I-EVAL: unknown feature type=Motor, name=, username=Motor Control, n=1
2021-06-21 18:33:04,823 [INFO] DbBoardsJson:87 - JSON generation date=Tue Jun 01 07:52:40 CEST 2021 (1622526760)
2021-06-21 18:33:04,827 [INFO] DbBoards:117 - Found 161 boards (158 are supported by CubeMX)
2021-06-21 18:33:04,828 [WARN] DbBoards:127 - board B-L462E-CELL1 has no document id list !
2021-06-21 18:33:04,828 [WARN] DbBoards:127 - board B-L475E-IOT01A2 has no document id list !
2021-06-21 18:33:04,828 [WARN] DbBoards:127 - board NUCLEO-G0B1RE has no document id list !
2021-06-21 18:33:04,828 [WARN] DbBoards:127 - board NUCLEO-H743ZI has no document id list !
2021-06-21 18:33:04,828 [WARN] DbBoards:127 - board NUCLEO-L4A6ZG has no document id list !
2021-06-21 18:33:04,828 [WARN] DbBoards:127 - board NUCLEO-WB15CC has no document id list !
2021-06-21 18:33:04,828 [WARN] DbBoards:127 - board NUCLEO-WB55RG has no document id list !
2021-06-21 18:33:04,828 [WARN] DbBoards:127 - board NUCLEO-WL55JC2 has no document id list !
2021-06-21 18:33:04,828 [WARN] DbBoards:127 - board P-NUCLEO-WB55-Nucleo has no document id list !
2021-06-21 18:33:04,828 [WARN] DbBoards:127 - board P-NUCLEO-WB55-USBDongle has no document id list !
2021-06-21 18:33:04,828 [WARN] DbBoards:127 - board STEVAL-BFA001V1B has no document id list !
2021-06-21 18:33:04,828 [WARN] DbBoards:127 - board STEVAL-BFA001V2B has no document id list !
2021-06-21 18:33:04,828 [WARN] DbBoards:127 - board STEVAL-IDP005V1 has no document id list !
2021-06-21 18:33:04,828 [WARN] DbBoards:127 - board STEVAL-IDP005V2 has no document id list !
2021-06-21 18:33:04,828 [WARN] DbBoards:127 - board STEVAL-MKSBOX1V1 has no document id list !
2021-06-21 18:33:04,829 [WARN] DbBoards:127 - board STEVAL-STWINKT1 has no document id list !
2021-06-21 18:33:04,829 [WARN] DbBoards:127 - board STEVAL-STWINKT1B has no document id list !
2021-06-21 18:33:04,829 [WARN] DbBoards:127 - board STM32F401C-DISCO has no document id list !
2021-06-21 18:33:04,829 [WARN] DbBoards:127 - board STM32F769I-DISC1 has no document id list !
2021-06-21 18:33:04,829 [WARN] DbBoards:127 - board STM32G0C1E-EV has no document id list !
2021-06-21 18:33:04,829 [WARN] DbBoards:127 - board STM32G474E-EVAL1 has no document id list !
2021-06-21 18:33:04,829 [WARN] DbBoards:127 - board STM32H743I-EVAL2 has no document id list !
2021-06-21 18:33:04,829 [WARN] DbBoards:127 - board STM32H747I-DISC1 has no document id list !
2021-06-21 18:33:04,829 [WARN] DbBoards:127 - board STM32H753I-EVAL2 has no document id list !
2021-06-21 18:33:04,829 [WARN] DbBoards:127 - board STM32L-DISCOVERY has no document id list !
2021-06-21 18:33:04,830 [WARN] DbBoards:127 - board STM32MP157A-DK1 has no document id list !
2021-06-21 18:33:04,830 [WARN] DbBoards:127 - board STM32MP157F-DK2 has no document id list !
2021-06-21 18:33:04,830 [WARN] DbBoards:127 - board STM32MP157F-EV1 has no document id list !
2021-06-21 18:33:04,830 [WARN] DbBoards:127 - board STM32WB5MM-DK has no document id list !
2021-06-21 18:33:05,866 [INFO] ApiDb:251 - Load user favorites file C:\Users\erikb/.stm32cubeide/favorites.boards.txt: 0 item(s)
2021-06-21 18:33:05,867 [INFO] ApiDb:255 - User favorites Boards=[]
2021-06-21 18:33:05,867 [INFO] DbBoards:206 - Set 0 / 0 favorites Boards
2021-06-21 18:33:05,999 [INFO] ApiDb:479 - Connected to CubeFinder SQLite database (C:\Users\erikb\.stmcufinder\plugins\mcufinder\mcu\cube-finder-db.db)
2021-06-21 18:33:06,537 [INFO] DbExamplesSqlite:401 - Ignored 36 examples not supported by CubeIDE
2021-06-21 18:33:06,537 [INFO] DbExamplesSqlite:402 - Found 4835 examples active
2021-06-21 18:33:06,538 [INFO] DbExamplesSqlite:403 - Found 274 examples obsolete
2021-06-21 18:33:06,538 [INFO] DbExamplesSqlite:404 - Found 0 examples under development
2021-06-21 18:33:06,538 [INFO] DbExamplesSqlite:405 - Found 76 examples not building
2021-06-21 18:33:06,558 [INFO] DbExamplesSqlite:104 - CubeFinder database Data Model version=2.1
2021-06-21 18:33:06,558 [INFO] DbExamplesSqlite:105 - CubeFinder database Configuration version=3.0-WIP12
2021-06-21 18:33:06,559 [INFO] DbExamplesSqlite:106 - CubeFinder database generation date=2021-05-10 (1620656699)
2021-06-21 18:33:06,559 [INFO] DbExamplesSqlite:107 - CubeFinder database FW Pack versions=[STM32Cube_FW_F4_V1.26.1, STM32Cube_FW_F7_V1.16.1, STM32Cube_FW_G0_V1.4.1, STM32Cube_FW_G4_V1.4.0, STM32Cube_FW_H7_V1.9.0, STM32Cube_FW_L5_V1.4.0, STM32Cube_FW_WB_V1.11.1, STM32Cube_FW_WL_V1.0.0, X-CUBE-AZRTOS-H7_V1.0.0, X-CUBE-BLE1_V6.2.0, X-CUBE-BLE2_V3.2.0, X-CUBE-GNSS1_V5.2.0]
2021-06-21 18:33:06,560 [INFO] DbExamples:130 - Found 4875 examples
2021-06-21 18:33:07,195 [ERROR] DbExamples:206 - Found 301 examples with invalid data (board or MCU)
2021-06-21 18:33:07,195 [INFO] DbExamples:222 - Found 63 boards with related examples
2021-06-21 18:33:07,205 [INFO] DbExamples:235 - Found 52 MCUs with related examples
2021-06-21 18:33:07,220 [INFO] ApiDb:242 - User favorites file not found: C:\Users\erikb/.stm32cubeide/favorites.examples.txt
2021-06-21 18:33:07,220 [INFO] DbExamples:256 - Set 0 / 0 favorites Examples
2021-06-21 18:33:07,443 [INFO] CrossSelectorPresenter:1330 - Cross Selector saved comparison directory: C:\Users\erikb\.stmcufinder\plugins\mcufinder\mcu\cs_comparisons_mx
2021-06-21 18:33:07,448 [INFO] MultiScanPanel:200 - Auto-refresh data requested => check proxy status ongoing
2021-06-21 18:33:07,450 [INFO] FinderPluginLoader:87 - Searching for filters in installed packs
2021-06-21 18:33:07,908 [WARN] DetailPanel:315 - Failed to get advertising image, set to default
2021-06-21 18:33:33,381 [INFO] MainUpdater:2661 - connection check result : 10
2021-06-21 18:33:33,382 [INFO] MainUpdater:2661 - connection check result : 10
2021-06-21 18:33:33,418 [INFO] MicroXplorer:442 - Change Database Path : 
2021-06-21 18:33:33,419 [INFO] MicroXplorer:472 - Change Database Version : DB.6.0.21
2021-06-21 18:33:33,419 [WARN] ThirdParty:796 - waiting for thirdparty lock release [close project]
2021-06-21 18:33:33,419 [INFO] ThirdParty:798 - entering critical section [close project]
2021-06-21 18:33:33,419 [INFO] ThirdParty:809 - exiting critical section [close project]
2021-06-21 18:33:33,421 [INFO] PinOutPanel:1435 - setPackage(No Configuration,No Configuration)
2021-06-21 18:33:33,421 [INFO] UtilMem:74 - Begin LoadConfig() Used Memory: 518799768 Bytes (732954624)
2021-06-21 18:33:39,461 [INFO] ServerAccessManage:348 - Download File stm32cube_db_v6020.zip
2021-06-21 18:33:43,095 [INFO] FileExtend:225 - Unzip File : stm32cube_db_v6020.zip
2021-06-21 18:33:43,095 [INFO] FileExtend:240 - Standard Zip Deflate
2021-06-21 18:33:55,787 [INFO] LoadServerPackagesThread:169 - End of LoadServerPackages Thread
2021-06-21 18:33:55,858 [INFO] CheckServerUpdateThread:102 - End of CheckServer Thread
2021-06-21 18:33:55,867 [INFO] MicroXplorer:442 - Change Database Path : C:/Users/erikb/.stm32cubemx/databases/DB.6.0.20/db/
2021-06-21 18:33:55,867 [INFO] MicroXplorer:472 - Change Database Version : DB.6.0.20
2021-06-21 18:33:55,867 [INFO] OpenFileManager:303 - Change cursor
2021-06-21 18:33:55,875 [WARN] IntegrityCheckThread:59 - waiting for thirdparty lock release [integrity check]
2021-06-21 18:33:55,875 [INFO] IntegrityCheckThread:61 - entering critical section [integrity check]
2021-06-21 18:33:55,939 [WARN] PackLoader:226 - Cannot read IP mode file for RoweBots.I-CUBE-UNISONRTOS.5.5.0-4
2021-06-21 18:33:55,952 [WARN] PackLoader:226 - Cannot read IP mode file for STMicroelectronics.X-CUBE-SFXS2LP1.3.0.0
2021-06-21 18:33:55,972 [WARN] PackLoader:226 - Cannot read IP mode file for STMicroelectronics.X-CUBE-SUBG2.4.1.0
2021-06-21 18:33:56,046 [WARN] PackLoader:226 - Cannot read IP mode file for STMicroelectronics.X-CUBE-MEMS1.8.2.0
2021-06-21 18:33:56,201 [WARN] PackLoader:226 - Cannot read IP mode file for STMicroelectronics.X-CUBE-EEPRMA1.3.0.0
2021-06-21 18:33:56,267 [WARN] PackLoader:226 - Cannot read IP mode file for SEGGER.I-CUBE-embOS.1.2.0
2021-06-21 18:33:56,310 [WARN] PackLoader:226 - Cannot read IP mode file for STMicroelectronics.X-CUBE-BLE1.6.2.0
2021-06-21 18:33:56,315 [WARN] PackLoader:226 - Cannot read IP mode file for STMicroelectronics.X-CUBE-NFC4.2.0.2
2021-06-21 18:33:56,320 [WARN] PackLoader:226 - Cannot read IP mode file for STMicroelectronics.X-CUBE-BLE2.3.2.0
2021-06-21 18:33:56,331 [WARN] PackLoader:226 - Cannot read IP mode file for STMicroelectronics.X-CUBE-SUBG2.4.0.0
2021-06-21 18:33:56,339 [WARN] PackLoader:226 - Cannot read IP mode file for STMicroelectronics.X-CUBE-TOF1.1.0.0
2021-06-21 18:33:56,363 [WARN] PackLoader:226 - Cannot read IP mode file for STMicroelectronics.X-CUBE-AZRTOS-H7.1.0.0
2021-06-21 18:33:56,429 [WARN] PackLoader:226 - Cannot read IP mode file for STMicroelectronics.X-CUBE-MEMS1.8.3.0
2021-06-21 18:33:56,547 [WARN] PackLoader:226 - Cannot read IP mode file for STMicroelectronics.X-CUBE-DISPLAY.1.0.0
2021-06-21 18:33:56,549 [WARN] PackLoader:226 - Cannot read IP mode file for STMicroelectronics.X-CUBE-AI.6.0.0
2021-06-21 18:33:56,553 [WARN] PackLoader:226 - Cannot read IP mode file for STMicroelectronics.X-CUBE-ALGOBUILD.1.2.0
2021-06-21 18:33:56,559 [WARN] PackLoader:226 - Cannot read IP mode file for STMicroelectronics.X-CUBE-GNSS1.5.2.0
2021-06-21 18:33:56,562 [WARN] PackLoader:226 - Cannot read IP mode file for STMicroelectronics.X-CUBE-BLE1.6.1.0
2021-06-21 18:33:56,565 [WARN] PackLoader:226 - Cannot read IP mode file for wolfSSL.I-CUBE-wolfSSL.4.7.0
2021-06-21 18:33:56,568 [WARN] PackLoader:226 - Cannot read IP mode file for STMicroelectronics.X-CUBE-TOUCHGFX.4.16.1
2021-06-21 18:33:56,569 [INFO] ThirdParty:900 - Integrity check success = true
2021-06-21 18:33:56,569 [INFO] IntegrityCheckThread:75 - exiting critical section [integrity check]
2021-06-21 18:33:56,569 [INFO] IntegrityCheckThread:78 - End integrity checks thread
2021-06-21 18:33:58,052 [INFO] Context:587 - Trying to add GPIOservice into a context  which must be forbidden
2021-06-21 18:33:58,423 [WARN] ApiManager:294 - Cannot register API 'Board Extension:S2868A1' from pack STMicroelectronics.X-CUBE-SFXS2LP1.3.0.0: no header file found
2021-06-21 18:33:58,424 [WARN] ApiManager:294 - Cannot register API 'Board Extension:S2868A2' from pack STMicroelectronics.X-CUBE-SFXS2LP1.3.0.0: no header file found
2021-06-21 18:33:58,424 [WARN] ApiManager:294 - Cannot register API 'Board Extension:S2915A1' from pack STMicroelectronics.X-CUBE-SFXS2LP1.3.0.0: no header file found
2021-06-21 18:33:58,427 [WARN] ModelIntegratedComponent:51 - No mode defined for component null
2021-06-21 18:33:58,427 [WARN] ModelIntegratedComponent:51 - No mode defined for component null
2021-06-21 18:33:58,427 [WARN] ModelIntegratedComponent:51 - No mode defined for component null
2021-06-21 18:33:58,427 [WARN] ModelIntegratedComponent:51 - No mode defined for component null
2021-06-21 18:33:58,427 [WARN] ModelIntegratedComponent:51 - No mode defined for component null
2021-06-21 18:33:58,427 [WARN] ModelIntegratedComponent:51 - No mode defined for component null
2021-06-21 18:33:58,427 [WARN] ModelIntegratedComponent:51 - No mode defined for component null
2021-06-21 18:33:58,427 [WARN] ModelIntegratedComponent:51 - No mode defined for component null
2021-06-21 18:33:58,427 [WARN] ModelIntegratedComponent:51 - No mode defined for component null
2021-06-21 18:33:58,428 [WARN] ModelIntegratedComponent:51 - No mode defined for component null
2021-06-21 18:33:58,428 [WARN] ModelIntegratedComponent:51 - No mode defined for component null
2021-06-21 18:33:58,428 [WARN] ModelIntegratedComponent:51 - No mode defined for component null
2021-06-21 18:33:58,428 [WARN] ModelIntegratedComponent:51 - No mode defined for component null
2021-06-21 18:33:58,428 [WARN] ModelIntegratedComponent:51 - No mode defined for component null
2021-06-21 18:33:58,428 [WARN] ModelIntegratedComponent:51 - No mode defined for component null
2021-06-21 18:33:58,428 [WARN] ModelIntegratedComponent:51 - No mode defined for component null
2021-06-21 18:33:58,428 [WARN] ModelIntegratedComponent:51 - No mode defined for component null
2021-06-21 18:33:58,428 [WARN] ModelIntegratedComponent:51 - No mode defined for component null
2021-06-21 18:33:58,428 [WARN] ModelIntegratedComponent:51 - No mode defined for component null
2021-06-21 18:33:58,428 [WARN] ModelIntegratedComponent:51 - No mode defined for component null
2021-06-21 18:33:58,429 [WARN] ModelIntegratedComponent:51 - No mode defined for component null
2021-06-21 18:33:58,429 [WARN] ModelIntegratedComponent:51 - No mode defined for component null
2021-06-21 18:33:58,429 [WARN] ModelIntegratedComponent:51 - No mode defined for component null
2021-06-21 18:33:58,429 [WARN] ModelIntegratedComponent:51 - No mode defined for component null
2021-06-21 18:33:58,429 [WARN] ModelIntegratedComponent:51 - No mode defined for component null
2021-06-21 18:33:58,429 [WARN] ModelIntegratedComponent:51 - No mode defined for component null
2021-06-21 18:33:58,429 [WARN] ModelIntegratedComponent:51 - No mode defined for component null
2021-06-21 18:33:58,434 [WARN] ApiManager:294 - Cannot register API 'Board Extension:S2868A1' from pack STMicroelectronics.X-CUBE-SUBG2.4.1.0: no header file found
2021-06-21 18:33:58,434 [WARN] ApiManager:294 - Cannot register API 'Board Extension:S2868A2' from pack STMicroelectronics.X-CUBE-SUBG2.4.1.0: no header file found
2021-06-21 18:33:58,434 [WARN] ApiManager:294 - Cannot register API 'Board Extension:S2915A1' from pack STMicroelectronics.X-CUBE-SUBG2.4.1.0: no header file found
2021-06-21 18:33:58,438 [WARN] ApiManager:294 - Cannot register API 'Board Extension:S2868A1' from pack STMicroelectronics.X-CUBE-SUBG2.4.0.0: no header file found
2021-06-21 18:33:58,438 [WARN] ApiManager:294 - Cannot register API 'Board Extension:S2868A2' from pack STMicroelectronics.X-CUBE-SUBG2.4.0.0: no header file found
2021-06-21 18:33:58,438 [WARN] ApiManager:294 - Cannot register API 'Board Extension:S2915A1' from pack STMicroelectronics.X-CUBE-SUBG2.4.0.0: no header file found
2021-06-21 18:33:58,556 [WARN] ApiManager:294 - Cannot register API 'Board Extension:IKS01A3' from pack STMicroelectronics.X-CUBE-MEMS1.8.2.0: no header file found
2021-06-21 18:33:58,557 [WARN] ApiManager:294 - Cannot register API 'Board Extension:IKS01A2' from pack STMicroelectronics.X-CUBE-MEMS1.8.2.0: no header file found
2021-06-21 18:33:58,557 [WARN] ApiManager:294 - Cannot register API 'Board Extension:IKS02A1' from pack STMicroelectronics.X-CUBE-MEMS1.8.2.0: no header file found
2021-06-21 18:33:58,563 [WARN] ApiManager:294 - Cannot register API 'Board Extension:EEPRMA1' from pack STMicroelectronics.X-CUBE-EEPRMA1.3.0.0: no header file found
2021-06-21 18:33:58,563 [WARN] ApiManager:294 - Cannot register API 'Board Extension:EEPRMA2' from pack STMicroelectronics.X-CUBE-EEPRMA1.3.0.0: no header file found
2021-06-21 18:33:58,675 [WARN] ApiManager:294 - Cannot register API 'Board Extension:IKS01A3' from pack STMicroelectronics.X-CUBE-MEMS1.8.3.0: no header file found
2021-06-21 18:33:58,675 [WARN] ApiManager:294 - Cannot register API 'Board Extension:IKS01A2' from pack STMicroelectronics.X-CUBE-MEMS1.8.3.0: no header file found
2021-06-21 18:33:58,675 [WARN] ApiManager:294 - Cannot register API 'Board Extension:IKS02A1' from pack STMicroelectronics.X-CUBE-MEMS1.8.3.0: no header file found
2021-06-21 18:33:58,682 [INFO] RtosManager:470 - Registered RTOS mode: class=CMSIS, group=RTOS, mode=CMSIS_V1, owner=FREERTOS
2021-06-21 18:33:58,683 [INFO] RtosManager:470 - Registered RTOS mode: class=CMSIS, group=RTOS2, mode=CMSIS_V2, owner=FREERTOS
2021-06-21 18:33:58,683 [INFO] RtosManager:470 - Registered RTOS mode: class=RTOS, group=Core, mode=CMSIS_V1, owner=FREERTOS
2021-06-21 18:33:58,683 [INFO] RtosManager:470 - Registered RTOS mode: class=RTOS, group=Core, mode=CMSIS_V2, owner=FREERTOS
2021-06-21 18:33:58,683 [WARN] ModelIntegratedComponent:182 - Missing modes for component STMicroelectronics:FreeRTOS:0.0.1:STMicroelectronics:RTOS:FreeRTOS:Core:::10.2.0:
2021-06-21 18:33:58,689 [WARN] ApiManager:294 - Cannot register API 'Board Extension:GNSS1A1' from pack STMicroelectronics.X-CUBE-GNSS1.5.2.0: no header file found
2021-06-21 18:33:58,689 [WARN] ApiManager:294 - Cannot register API 'Board Support:Custom' from pack STMicroelectronics.X-CUBE-GNSS1.5.2.0: no header file found
2021-06-21 18:33:58,689 [WARN] ApiManager:294 - Cannot register API 'Data Exchange:lib_gnss' from pack STMicroelectronics.X-CUBE-GNSS1.5.2.0: no header file found
2021-06-21 18:33:58,690 [WARN] ApiManager:294 - Cannot register API 'Wireless:BlueNRG-MS' from pack STMicroelectronics.X-CUBE-BLE1.6.1.0: no header file found
2021-06-21 18:33:58,690 [WARN] ApiManager:294 - Cannot register API 'Wireless:BlueNRG-MS' from pack STMicroelectronics.X-CUBE-BLE1.6.2.0: no header file found
2021-06-21 18:33:58,691 [WARN] ApiManager:294 - Cannot register API 'Board Extension:NFC04A1' from pack STMicroelectronics.X-CUBE-NFC4.2.0.2: no header file found
2021-06-21 18:33:58,692 [WARN] ApiManager:294 - Cannot register API 'Wireless:BlueNRG-2' from pack STMicroelectronics.X-CUBE-BLE2.3.2.0: no header file found
2021-06-21 18:33:59,384 [INFO] ImportTextPane:162 - (OptionalMessage_ERROR) IP (RCC) : Invalid parameter (CECFreq_Value)
2021-06-21 18:33:59,384 [INFO] ImportTextPane:162 - (OptionalMessage_ERROR) IP (RCC) : Invalid parameter (FamilyName)
2021-06-21 18:33:59,384 [INFO] ImportTextPane:162 - (OptionalMessage_ERROR) IP (RCC) : Invalid parameter (HSICECFreq_Value)
2021-06-21 18:33:59,386 [INFO] ImportTextPane:162 - (OptionalMessage_ERROR) IP (RCC) : Invalid parameter (TIM2Freq_Value)
2021-06-21 18:33:59,386 [INFO] ImportTextPane:162 - (OptionalMessage_ERROR) IP (RCC) : Invalid parameter (TimSysFreq_Value)
2021-06-21 18:33:59,386 [INFO] ImportTextPane:162 - (OptionalMessage_ERROR) IP (RCC) : Parameter (USART2Freq_Value) has invalid value (8000000)
2021-06-21 18:33:59,612 [INFO] UtilMem:74 - End LoadConfig() Used Memory: 539209232 Bytes (1073741824)
2021-06-21 18:33:59,613 [WARN] ThirdParty:762 - waiting for thirdparty lock release [change project]
2021-06-21 18:33:59,613 [INFO] ThirdParty:764 - entering critical section [change project]
2021-06-21 18:33:59,614 [INFO] ThirdParty:952 - CMSIS Pack Vendor :RoweBots I-CUBE-UNISONRTOS 5.5.0-4
2021-06-21 18:33:59,614 [INFO] ThirdParty:952 - CMSIS Pack Vendor :STMicroelectronics X-CUBE-SFXS2LP1 3.0.0
2021-06-21 18:33:59,614 [INFO] ThirdParty:952 - CMSIS Pack Vendor :STMicroelectronics USB_HOST 2.0.0
2021-06-21 18:33:59,614 [INFO] ThirdParty:952 - CMSIS Pack Vendor :STMicroelectronics USB_DEVICE 3.0.0
2021-06-21 18:33:59,614 [INFO] ThirdParty:952 - CMSIS Pack Vendor :STMicroelectronics HAL Drivers 0.0.0
2021-06-21 18:33:59,614 [INFO] ThirdParty:952 - CMSIS Pack Vendor :STMicroelectronics MBEDTLS 2.16.2
2021-06-21 18:33:59,614 [INFO] ThirdParty:952 - CMSIS Pack Vendor :STMicroelectronics MBEDTLS 2.14.1
2021-06-21 18:33:59,614 [INFO] ThirdParty:952 - CMSIS Pack Vendor :STMicroelectronics X-CUBE-SUBG2 4.1.0
2021-06-21 18:33:59,614 [INFO] ThirdParty:952 - CMSIS Pack Vendor :STMicroelectronics X-CUBE-SUBG2 4.0.0
2021-06-21 18:33:59,614 [INFO] ThirdParty:952 - CMSIS Pack Vendor :STMicroelectronics X-CUBE-TOF1 1.0.0
2021-06-21 18:33:59,614 [INFO] ThirdParty:952 - CMSIS Pack Vendor :STMicroelectronics X-CUBE-AZRTOS-H7 1.0.0
2021-06-21 18:33:59,614 [INFO] ThirdParty:952 - CMSIS Pack Vendor :STMicroelectronics USB_DEVICE 2.0.0
2021-06-21 18:33:59,614 [INFO] ThirdParty:952 - CMSIS Pack Vendor :STMicroelectronics X-CUBE-MEMS1 8.2.0
2021-06-21 18:33:59,614 [INFO] ThirdParty:952 - CMSIS Pack Vendor :STMicroelectronics X-CUBE-EEPRMA1 3.0.0
2021-06-21 18:33:59,614 [INFO] ThirdParty:952 - CMSIS Pack Vendor :STMicroelectronics X-CUBE-MEMS1 8.3.0
2021-06-21 18:33:59,614 [INFO] ThirdParty:952 - CMSIS Pack Vendor :STMicroelectronics X-CUBE-DISPLAY 1.0.0
2021-06-21 18:33:59,614 [INFO] ThirdParty:952 - CMSIS Pack Vendor :STMicroelectronics FreeRTOS 0.0.1
2021-06-21 18:33:59,615 [INFO] ThirdParty:952 - CMSIS Pack Vendor :STMicroelectronics USB_DEVICE 1.0.0
2021-06-21 18:33:59,615 [INFO] ThirdParty:952 - CMSIS Pack Vendor :STMicroelectronics X-CUBE-AI 6.0.0
2021-06-21 18:33:59,615 [INFO] ThirdParty:952 - CMSIS Pack Vendor :SEGGER I-CUBE-embOS 1.2.0
2021-06-21 18:33:59,615 [INFO] ThirdParty:952 - CMSIS Pack Vendor :STMicroelectronics X-CUBE-ALGOBUILD 1.2.0
2021-06-21 18:33:59,615 [INFO] ThirdParty:952 - CMSIS Pack Vendor :STMicroelectronics X-CUBE-GNSS1 5.2.0
2021-06-21 18:33:59,615 [INFO] ThirdParty:952 - CMSIS Pack Vendor :STMicroelectronics X-CUBE-BLE1 6.1.0
2021-06-21 18:33:59,615 [INFO] ThirdParty:952 - CMSIS Pack Vendor :STMicroelectronics lwIP 2.0.3
2021-06-21 18:33:59,615 [INFO] ThirdParty:952 - CMSIS Pack Vendor :STMicroelectronics lwIP 2.1.2
2021-06-21 18:33:59,615 [INFO] ThirdParty:952 - CMSIS Pack Vendor :STMicroelectronics X-CUBE-BLE1 6.2.0
2021-06-21 18:33:59,615 [INFO] ThirdParty:952 - CMSIS Pack Vendor :STMicroelectronics USB_HOST 1.0.0
2021-06-21 18:33:59,615 [INFO] ThirdParty:952 - CMSIS Pack Vendor :STMicroelectronics X-CUBE-NFC4 2.0.2
2021-06-21 18:33:59,615 [INFO] ThirdParty:952 - CMSIS Pack Vendor :wolfSSL I-CUBE-wolfSSL 4.7.0
2021-06-21 18:33:59,615 [INFO] ThirdParty:952 - CMSIS Pack Vendor :STMicroelectronics X-CUBE-TOUCHGFX 4.16.1
2021-06-21 18:33:59,615 [INFO] ThirdParty:952 - CMSIS Pack Vendor :STMicroelectronics PDM2PCM 3.1.0
2021-06-21 18:33:59,615 [INFO] ThirdParty:952 - CMSIS Pack Vendor :STMicroelectronics PDM2PCM 3.2.0
2021-06-21 18:33:59,615 [INFO] ThirdParty:952 - CMSIS Pack Vendor :STMicroelectronics PDM2PCM 3.3.0
2021-06-21 18:33:59,615 [INFO] ThirdParty:952 - CMSIS Pack Vendor :STMicroelectronics X-CUBE-BLE2 3.2.0
2021-06-21 18:33:59,616 [INFO] ThirdParty:770 - exiting critical section [change project]
2021-06-21 18:33:59,834 [INFO] PinOutPanel:1435 - setPackage(No Configuration,No Configuration)
2021-06-21 18:33:59,836 [INFO] PinOutPanel:1435 - setPackage(STM32F303K8Tx,LQFP32)
2021-06-21 18:34:01,136 [INFO] UtilMem:74 - Before build in PCC Used Memory: 678669840 Bytes (1073741824)
2021-06-21 18:34:01,426 [INFO] SharedServices:72 - Folder for power plug-in: C:/Users/erikb/.stm32cubemx/plugins/power
2021-06-21 18:34:01,464 [INFO] SharedServices:72 - Folder for power plug-in: C:/Users/erikb/.stm32cubemx/plugins/power
2021-06-21 18:34:01,506 [INFO] SharedServices:72 - Folder for power plug-in: C:/Users/erikb/.stm32cubemx/plugins/power
2021-06-21 18:34:01,510 [INFO] SharedServices:72 - Folder for power plug-in: C:/Users/erikb/.stm32cubemx/plugins/power
2021-06-21 18:34:01,622 [INFO] UtilMem:74 - After build in PCC Used Memory: 762029584 Bytes (1073741824)
2021-06-21 18:34:01,641 [INFO] IPUIPlugin:64 - create IPUIPlugin
2021-06-21 18:34:01,641 [INFO] IPUIPlugin:64 - create IPUIPlugin
2021-06-21 18:34:01,642 [INFO] IPUIPlugin:64 - create IPUIPlugin
2021-06-21 18:34:01,642 [INFO] IPUIPlugin:64 - create IPUIPlugin
2021-06-21 18:34:01,642 [INFO] IPUIPlugin:64 - create IPUIPlugin
2021-06-21 18:34:01,642 [INFO] IPUIPlugin:64 - create IPUIPlugin
2021-06-21 18:34:01,642 [INFO] IPUIPlugin:64 - create IPUIPlugin
2021-06-21 18:34:01,642 [INFO] IPUIPlugin:64 - create IPUIPlugin
2021-06-21 18:34:01,642 [INFO] IPUIPlugin:64 - create IPUIPlugin
2021-06-21 18:34:01,643 [INFO] IPUIPlugin:64 - create IPUIPlugin
2021-06-21 18:34:01,643 [INFO] IPUIPlugin:64 - create IPUIPlugin
2021-06-21 18:34:01,643 [INFO] IPUIPlugin:64 - create IPUIPlugin
2021-06-21 18:34:01,643 [INFO] IPUIPlugin:64 - create IPUIPlugin
2021-06-21 18:34:01,643 [INFO] IPUIPlugin:64 - create IPUIPlugin
2021-06-21 18:34:01,643 [INFO] IPUIPlugin:64 - create IPUIPlugin
2021-06-21 18:34:01,644 [INFO] IPUIPlugin:64 - create IPUIPlugin
2021-06-21 18:34:01,644 [INFO] IPUIPlugin:64 - create IPUIPlugin
2021-06-21 18:34:01,644 [INFO] IPUIPlugin:64 - create IPUIPlugin
2021-06-21 18:34:01,644 [INFO] IPUIPlugin:64 - create IPUIPlugin
2021-06-21 18:34:01,645 [INFO] IPUIPlugin:64 - create IPUIPlugin
2021-06-21 18:34:01,645 [INFO] IPUIPlugin:64 - create IPUIPlugin
2021-06-21 18:34:01,645 [INFO] IPUIPlugin:64 - create IPUIPlugin
2021-06-21 18:34:01,645 [INFO] IPUIPlugin:64 - create IPUIPlugin
2021-06-21 18:34:01,646 [INFO] IPUIPlugin:64 - create IPUIPlugin
2021-06-21 18:34:01,646 [INFO] IPUIPlugin:64 - create IPUIPlugin
2021-06-21 18:34:01,646 [INFO] IPUIPlugin:64 - create IPUIPlugin
2021-06-21 18:34:01,647 [INFO] IPUIPlugin:64 - create IPUIPlugin
2021-06-21 18:34:01,647 [INFO] IPUIPlugin:64 - create IPUIPlugin
2021-06-21 18:34:01,647 [INFO] IPUIPlugin:64 - create IPUIPlugin
2021-06-21 18:34:01,648 [INFO] IPUIPlugin:64 - create IPUIPlugin
2021-06-21 18:34:01,648 [INFO] IPUIPlugin:64 - create IPUIPlugin
2021-06-21 18:34:01,648 [INFO] IPUIPlugin:64 - create IPUIPlugin
2021-06-21 18:34:01,649 [INFO] IPUIPlugin:64 - create IPUIPlugin
2021-06-21 18:34:01,650 [INFO] IPUIPlugin:64 - create IPUIPlugin
2021-06-21 18:34:01,658 [INFO] Can:56 - Can Add PropertyChangeListener com.st.microxplorer.plugins.ip.can.Can@15c8d192
2021-06-21 18:34:01,680 [INFO] LogOutputStream:76 - [STDOUT_REDIRECT] toolchainItems.length=====1
2021-06-21 18:34:01,755 [INFO] OpenFileManager:323 - Restore cursor
2021-06-21 18:34:02,037 [INFO] UtilMem:74 - End SaveConfig() Used Memory: 863741456 Bytes (1073741824)
2021-06-21 18:34:02,073 [INFO] UtilMem:74 - End SaveConfig() Used Memory: 871607824 Bytes (1073741824)
2021-06-21 18:34:02,303 [INFO] BlockDiagram:2735 - set Specific Code input for plugin: SPI
2021-06-21 18:34:02,303 [INFO] BlockDiagram:2735 - set Specific Code input for plugin: NVIC
2021-06-21 18:34:02,303 [INFO] BlockDiagram:2735 - set Specific Code input for plugin: USART
2021-06-21 18:34:02,303 [INFO] BlockDiagram:2735 - set Specific Code input for plugin: SYS
2021-06-21 18:34:02,304 [INFO] BlockDiagram:2735 - set Specific Code input for plugin: GPIO
2021-06-21 18:34:02,304 [INFO] BlockDiagram:2735 - set Specific Code input for plugin: CAN
2021-06-21 18:34:02,304 [INFO] BlockDiagram:2735 - set Specific Code input for plugin: RCC
2021-06-21 18:34:02,304 [INFO] BlockDiagram:2735 - set Specific Code input for plugin: I2C
2021-06-21 18:34:02,305 [INFO] CodeGenerator:641 - code generatio: config db path: C:/Users/erikb/.stm32cubemx/databases/DB.6.0.20/db/
2021-06-21 18:34:02,642 [INFO] CodeEngine:229 - oldGeneratedFile, C:\Users\erikb\Documents\GitHub\Vera-MRS-21\Programmering\Programmering\MXTmpFiles\license.tmp_save
2021-06-21 18:34:02,900 [INFO] CodeEngine:247 - Generated code: C:\Users\erikb\Documents\GitHub\Vera-MRS-21\Programmering\Programmering\MXTmpFiles\license.tmp
2021-06-21 18:34:03,015 [INFO] CodeEngine:229 - oldGeneratedFile, C:\Users\erikb\Documents\GitHub\Vera-MRS-21\Programmering\Programmering\MXTmpFiles\gpio.tmp_save
2021-06-21 18:34:03,088 [INFO] CodeEngine:247 - Generated code: C:\Users\erikb\Documents\GitHub\Vera-MRS-21\Programmering\Programmering\MXTmpFiles\gpio.tmp
2021-06-21 18:34:03,168 [ERROR] IPConfigManager:1461 - ERROR: the RefConfig I2CEnableFastModePlus is not available in your config.xml file
2021-06-21 18:34:03,394 [INFO] LogOutputStream:76 - [STDOUT_REDIRECT] Command line
2021-06-21 18:34:03,394 [INFO] LogOutputStream:76 - [STDOUT_REDIRECT] Command line
2021-06-21 18:34:03,395 [INFO] LogOutputStream:76 - [STDOUT_REDIRECT] Command line
2021-06-21 18:34:03,396 [INFO] LogOutputStream:76 - [STDOUT_REDIRECT] Command line
2021-06-21 18:34:03,406 [INFO] CodeEngine:229 - oldGeneratedFile, C:\Users\erikb\Documents\GitHub\Vera-MRS-21\Programmering\Programmering\Core\Src\stm32f3xx_it.c_save
2021-06-21 18:34:03,495 [INFO] CodeEngine:247 - Generated code: C:\Users\erikb\Documents\GitHub\Vera-MRS-21\Programmering\Programmering\Core\Src\stm32f3xx_it.c
2021-06-21 18:34:03,498 [INFO] CodeEngine:229 - oldGeneratedFile, C:\Users\erikb\Documents\GitHub\Vera-MRS-21\Programmering\Programmering\Core\Inc\stm32f3xx_it.h_save
2021-06-21 18:34:03,552 [INFO] CodeEngine:247 - Generated code: C:\Users\erikb\Documents\GitHub\Vera-MRS-21\Programmering\Programmering\Core\Inc\stm32f3xx_it.h
2021-06-21 18:34:03,561 [INFO] CodeEngine:229 - oldGeneratedFile, C:\Users\erikb\Documents\GitHub\Vera-MRS-21\Programmering\Programmering\Core\Src\stm32f3xx_hal_msp.c_save
2021-06-21 18:34:03,667 [INFO] CodeEngine:247 - Generated code: C:\Users\erikb\Documents\GitHub\Vera-MRS-21\Programmering\Programmering\Core\Src\stm32f3xx_hal_msp.c
2021-06-21 18:34:03,670 [INFO] CodeEngine:229 - oldGeneratedFile, C:\Users\erikb\Documents\GitHub\Vera-MRS-21\Programmering\Programmering\MXTmpFiles\system.tmp_save
2021-06-21 18:34:03,715 [INFO] CodeEngine:247 - Generated code: C:\Users\erikb\Documents\GitHub\Vera-MRS-21\Programmering\Programmering\MXTmpFiles\system.tmp
2021-06-21 18:34:03,723 [INFO] CodeEngine:229 - oldGeneratedFile, C:\Users\erikb\Documents\GitHub\Vera-MRS-21\Programmering\Programmering\Core\Inc\stm32f3xx_hal_conf.h_save
2021-06-21 18:34:03,809 [INFO] CodeEngine:247 - Generated code: C:\Users\erikb\Documents\GitHub\Vera-MRS-21\Programmering\Programmering\Core\Inc\stm32f3xx_hal_conf.h
2021-06-21 18:34:03,846 [INFO] CodeEngine:229 - oldGeneratedFile, C:\Users\erikb\Documents\GitHub\Vera-MRS-21\Programmering\Programmering\Core\Inc\main.h_save
2021-06-21 18:34:03,908 [INFO] CodeEngine:247 - Generated code: C:\Users\erikb\Documents\GitHub\Vera-MRS-21\Programmering\Programmering\Core\Inc\main.h
2021-06-21 18:34:03,911 [INFO] CodeEngine:229 - oldGeneratedFile, C:\Users\erikb\Documents\GitHub\Vera-MRS-21\Programmering\Programmering\Core\Src\main.c_save
2021-06-21 18:34:04,031 [INFO] CodeEngine:247 - Generated code: C:\Users\erikb\Documents\GitHub\Vera-MRS-21\Programmering\Programmering\Core\Src\main.c
2021-06-21 18:34:04,687 [INFO] ProjectBuilder:2460 - Time for Copy HAL[1] : 85mS.
2021-06-21 18:34:04,693 [INFO] ProjectBuilder:3418 - Project Generator version: 3.13.0-B3
2021-06-21 18:34:04,985 [INFO] ConfigFileManager:1242 - The Die is : DIE438
2021-06-21 18:34:04,994 [INFO] ApiDbMcu:458 - Load IP Config File for FATFS
2021-06-21 18:34:05,014 [INFO] ApiDbMcu:458 - Load IP Config File for FREERTOS
2021-06-21 18:34:05,236 [INFO] ApiDbMcu:458 - Load IP Config File for TOUCHSENSING
2021-06-21 18:34:09,141 [INFO] ProjectBuilder:3584 - Time for Generating toolchain IDE Files: 4448mS.
2021-06-21 18:34:09,142 [INFO] ProjectBuilder:2339 - Time for Copy CMSIS : 0mS.
2021-06-21 18:34:09,144 [INFO] ProjectBuilder:2339 - Time for Copy CMSIS : 0mS.
2021-06-21 18:34:09,353 [INFO] ApiDb:276 - Save user favorites file C:\Users\erikb/.stm32cubeide/favorites.mcus.txt: 0 item(s)
2021-06-21 18:34:09,353 [INFO] ApiDb:280 - User favorites MCUs=[]
